[debug] [2024-05-24T12:57:25.541Z] ----------------------------------------------------------------------
[debug] [2024-05-24T12:57:25.544Z] Command:       C:\Program Files\nodejs\node.exe C:\Users\anura\AppData\Roaming\npm\node_modules\firebase-tools\lib\bin\firebase.js init
[debug] [2024-05-24T12:57:25.544Z] CLI Version:   13.10.0
[debug] [2024-05-24T12:57:25.544Z] Platform:      win32
[debug] [2024-05-24T12:57:25.545Z] Node Version:  v20.9.0
[debug] [2024-05-24T12:57:25.545Z] Time:          Fri May 24 2024 18:27:25 GMT+0530 (India Standard Time)
[debug] [2024-05-24T12:57:25.545Z] ----------------------------------------------------------------------
[debug] 
[debug] [2024-05-24T12:57:25.621Z] > command requires scopes: ["email","openid","https://www.googleapis.com/auth/cloudplatformprojects.readonly","https://www.googleapis.com/auth/firebase","https://www.googleapis.com/auth/cloud-platform"]
[debug] [2024-05-24T12:57:25.621Z] > authorizing via signed-in user (anuragpipriya@gmail.com)
[info] 
     ######## #### ########  ######## ########     ###     ######  ########
     ##        ##  ##     ## ##       ##     ##  ##   ##  ##       ##
     ######    ##  ########  ######   ########  #########  ######  ######
     ##        ##  ##    ##  ##       ##     ## ##     ##       ## ##
     ##       #### ##     ## ######## ########  ##     ##  ######  ########

You're about to initialize a Firebase project in this directory:

  C:\Users\anura

Before we get started, keep in mind:

  * You are initializing within an existing Firebase project directory

